{"/Users/coda/projects/react-outerclick-2/src/index.js": {"path":"/Users/coda/projects/react-outerclick-2/src/index.js","statementMap":{"0":{"start":{"line":4,"column":24},"end":{"line":4,"column":26}},"1":{"start":{"line":5,"column":24},"end":{"line":5,"column":34}},"2":{"start":{"line":5,"column":30},"end":{"line":5,"column":34}},"3":{"start":{"line":15,"column":15},"end":{"line":15,"column":37}},"4":{"start":{"line":16,"column":2},"end":{"line":16,"column":19}},"5":{"start":{"line":17,"column":2},"end":{"line":18,"column":11}},"6":{"start":{"line":18,"column":4},"end":{"line":18,"column":11}},"7":{"start":{"line":20,"column":2},"end":{"line":28,"column":3}},"8":{"start":{"line":21,"column":4},"end":{"line":26,"column":6}},"9":{"start":{"line":22,"column":19},"end":{"line":22,"column":41}},"10":{"start":{"line":23,"column":6},"end":{"line":25,"column":7}},"11":{"start":{"line":24,"column":8},"end":{"line":24,"column":92}},"12":{"start":{"line":24,"column":62},"end":{"line":24,"column":91}},"13":{"start":{"line":27,"column":4},"end":{"line":27,"column":67}},"14":{"start":{"line":29,"column":2},"end":{"line":34,"column":3}},"15":{"start":{"line":30,"column":4},"end":{"line":30,"column":34}},"16":{"start":{"line":33,"column":4},"end":{"line":33,"column":43}},"17":{"start":{"line":45,"column":2},"end":{"line":55,"column":3}},"18":{"start":{"line":46,"column":4},"end":{"line":46,"column":45}},"19":{"start":{"line":47,"column":4},"end":{"line":49,"column":5}},"20":{"start":{"line":48,"column":6},"end":{"line":48,"column":29}},"21":{"start":{"line":50,"column":4},"end":{"line":54,"column":5}},"22":{"start":{"line":51,"column":19},"end":{"line":51,"column":41}},"23":{"start":{"line":52,"column":6},"end":{"line":52,"column":74}},"24":{"start":{"line":53,"column":6},"end":{"line":53,"column":28}},"25":{"start":{"line":53,"column":23},"end":{"line":53,"column":27}},"26":{"start":{"line":64,"column":2},"end":{"line":82,"column":23}},"27":{"start":{"line":70,"column":8},"end":{"line":70,"column":72}},"28":{"start":{"line":74,"column":8},"end":{"line":74,"column":69}},"29":{"start":{"line":75,"column":8},"end":{"line":75,"column":25}},"30":{"start":{"line":79,"column":8},"end":{"line":79,"column":116}},"31":{"start":{"line":79,"column":74},"end":{"line":79,"column":112}}},"fnMap":{"0":{"name":"(anonymous_0)","decl":{"start":{"line":5,"column":24},"end":{"line":5,"column":25}},"loc":{"start":{"line":5,"column":30},"end":{"line":5,"column":34}},"line":5},"1":{"name":"__listen","decl":{"start":{"line":14,"column":9},"end":{"line":14,"column":17}},"loc":{"start":{"line":14,"column":32},"end":{"line":35,"column":1}},"line":14},"2":{"name":"(anonymous_2)","decl":{"start":{"line":21,"column":17},"end":{"line":21,"column":18}},"loc":{"start":{"line":21,"column":22},"end":{"line":26,"column":5}},"line":21},"3":{"name":"(anonymous_3)","decl":{"start":{"line":24,"column":49},"end":{"line":24,"column":50}},"loc":{"start":{"line":24,"column":62},"end":{"line":24,"column":91}},"line":24},"4":{"name":"__stop","decl":{"start":{"line":44,"column":9},"end":{"line":44,"column":15}},"loc":{"start":{"line":44,"column":45},"end":{"line":56,"column":1}},"line":44},"5":{"name":"(anonymous_5)","decl":{"start":{"line":53,"column":19},"end":{"line":53,"column":20}},"loc":{"start":{"line":53,"column":23},"end":{"line":53,"column":27}},"line":53},"6":{"name":"outerClick","decl":{"start":{"line":63,"column":9},"end":{"line":63,"column":19}},"loc":{"start":{"line":63,"column":41},"end":{"line":83,"column":1}},"line":63},"7":{"name":"(anonymous_7)","decl":{"start":{"line":69,"column":6},"end":{"line":69,"column":7}},"loc":{"start":{"line":69,"column":25},"end":{"line":71,"column":7}},"line":69},"8":{"name":"(anonymous_8)","decl":{"start":{"line":73,"column":6},"end":{"line":73,"column":7}},"loc":{"start":{"line":73,"column":28},"end":{"line":76,"column":7}},"line":73},"9":{"name":"(anonymous_9)","decl":{"start":{"line":78,"column":6},"end":{"line":78,"column":7}},"loc":{"start":{"line":78,"column":14},"end":{"line":80,"column":7}},"line":78},"10":{"name":"(anonymous_10)","decl":{"start":{"line":79,"column":58},"end":{"line":79,"column":59}},"loc":{"start":{"line":79,"column":74},"end":{"line":79,"column":112}},"line":79}},"branchMap":{"0":{"loc":{"start":{"line":17,"column":2},"end":{"line":18,"column":11}},"type":"if","locations":[{"start":{"line":17,"column":2},"end":{"line":18,"column":11}},{"start":{"line":17,"column":2},"end":{"line":18,"column":11}}],"line":17},"1":{"loc":{"start":{"line":20,"column":2},"end":{"line":28,"column":3}},"type":"if","locations":[{"start":{"line":20,"column":2},"end":{"line":28,"column":3}},{"start":{"line":20,"column":2},"end":{"line":28,"column":3}}],"line":20},"2":{"loc":{"start":{"line":23,"column":6},"end":{"line":25,"column":7}},"type":"if","locations":[{"start":{"line":23,"column":6},"end":{"line":25,"column":7}},{"start":{"line":23,"column":6},"end":{"line":25,"column":7}}],"line":23},"3":{"loc":{"start":{"line":23,"column":10},"end":{"line":23,"column":51}},"type":"binary-expr","locations":[{"start":{"line":23,"column":10},"end":{"line":23,"column":15}},{"start":{"line":23,"column":19},"end":{"line":23,"column":23}},{"start":{"line":23,"column":27},"end":{"line":23,"column":51}}],"line":23},"4":{"loc":{"start":{"line":24,"column":8},"end":{"line":24,"column":92}},"type":"binary-expr","locations":[{"start":{"line":24,"column":8},"end":{"line":24,"column":25}},{"start":{"line":24,"column":29},"end":{"line":24,"column":92}}],"line":24},"5":{"loc":{"start":{"line":29,"column":2},"end":{"line":34,"column":3}},"type":"if","locations":[{"start":{"line":29,"column":2},"end":{"line":34,"column":3}},{"start":{"line":29,"column":2},"end":{"line":34,"column":3}}],"line":29},"6":{"loc":{"start":{"line":45,"column":2},"end":{"line":55,"column":3}},"type":"if","locations":[{"start":{"line":45,"column":2},"end":{"line":55,"column":3}},{"start":{"line":45,"column":2},"end":{"line":55,"column":3}}],"line":45},"7":{"loc":{"start":{"line":47,"column":4},"end":{"line":49,"column":5}},"type":"if","locations":[{"start":{"line":47,"column":4},"end":{"line":49,"column":5}},{"start":{"line":47,"column":4},"end":{"line":49,"column":5}}],"line":47},"8":{"loc":{"start":{"line":50,"column":4},"end":{"line":54,"column":5}},"type":"if","locations":[{"start":{"line":50,"column":4},"end":{"line":54,"column":5}},{"start":{"line":50,"column":4},"end":{"line":54,"column":5}}],"line":50},"9":{"loc":{"start":{"line":52,"column":6},"end":{"line":52,"column":73}},"type":"binary-expr","locations":[{"start":{"line":52,"column":6},"end":{"line":52,"column":10}},{"start":{"line":52,"column":14},"end":{"line":52,"column":73}}],"line":52},"10":{"loc":{"start":{"line":64,"column":9},"end":{"line":82,"column":22}},"type":"cond-expr","locations":[{"start":{"line":65,"column":4},"end":{"line":81,"column":5}},{"start":{"line":82,"column":2},"end":{"line":82,"column":22}}],"line":64},"11":{"loc":{"start":{"line":67,"column":41},"end":{"line":67,"column":102}},"type":"binary-expr","locations":[{"start":{"line":67,"column":41},"end":{"line":67,"column":73}},{"start":{"line":67,"column":77},"end":{"line":67,"column":102}}],"line":67}},"s":{"0":1,"1":1,"2":0,"3":1,"4":1,"5":1,"6":1,"7":0,"8":0,"9":0,"10":0,"11":0,"12":0,"13":0,"14":0,"15":0,"16":0,"17":0,"18":0,"19":0,"20":0,"21":0,"22":0,"23":0,"24":0,"25":0,"26":2,"27":1,"28":0,"29":0,"30":1,"31":1},"f":{"0":0,"1":1,"2":0,"3":0,"4":0,"5":0,"6":2,"7":1,"8":0,"9":1,"10":1},"b":{"0":[1,0],"1":[0,0],"2":[0,0],"3":[0,0,0],"4":[0,0],"5":[0,0],"6":[0,0],"7":[0,0],"8":[0,0],"9":[0,0],"10":[1,1],"11":[1,1]},"_coverageSchema":"332fd63041d2c1bcb487cc26dd0d5f7d97098a6c","hash":"879921171c2d4956d1774eb8399a46e24c32b1f6"}
}
