TN:
SF:/Users/coda/projects/react-outerclick-2/src/index.js
FN:5,(anonymous_0)
FN:14,__listen
FN:21,(anonymous_2)
FN:24,(anonymous_3)
FN:44,__stop
FN:53,(anonymous_5)
FN:63,outerClick
FN:69,(anonymous_7)
FN:73,(anonymous_8)
FN:78,(anonymous_9)
FN:79,(anonymous_10)
FNF:11
FNH:5
FNDA:0,(anonymous_0)
FNDA:1,__listen
FNDA:0,(anonymous_2)
FNDA:0,(anonymous_3)
FNDA:0,__stop
FNDA:0,(anonymous_5)
FNDA:2,outerClick
FNDA:1,(anonymous_7)
FNDA:0,(anonymous_8)
FNDA:1,(anonymous_9)
FNDA:1,(anonymous_10)
DA:4,1
DA:5,1
DA:15,1
DA:16,1
DA:17,1
DA:18,1
DA:20,0
DA:21,0
DA:22,0
DA:23,0
DA:24,0
DA:27,0
DA:29,0
DA:30,0
DA:33,0
DA:45,0
DA:46,0
DA:47,0
DA:48,0
DA:50,0
DA:51,0
DA:52,0
DA:53,0
DA:64,2
DA:70,1
DA:74,0
DA:75,0
DA:79,1
LF:28
LH:9
BRDA:17,0,0,1
BRDA:17,0,1,0
BRDA:20,1,0,0
BRDA:20,1,1,0
BRDA:23,2,0,0
BRDA:23,2,1,0
BRDA:23,3,0,0
BRDA:23,3,1,0
BRDA:23,3,2,0
BRDA:24,4,0,0
BRDA:24,4,1,0
BRDA:29,5,0,0
BRDA:29,5,1,0
BRDA:45,6,0,0
BRDA:45,6,1,0
BRDA:47,7,0,0
BRDA:47,7,1,0
BRDA:50,8,0,0
BRDA:50,8,1,0
BRDA:52,9,0,0
BRDA:52,9,1,0
BRDA:64,10,0,1
BRDA:64,10,1,1
BRDA:67,11,0,1
BRDA:67,11,1,1
BRF:25
BRH:5
end_of_record
